<?xml version="1.0" encoding="UTF-8"?>
<!-- Generated by org.testng.reporters.JUnitReportReporter -->
<testsuite skipped="0" hostname="kotla" name="Practise.AppiumFramework.eCommerce_TC3" tests="1" failures="0" timestamp="2022-06-23T15:55:29 IST" time="57.143" errors="0">
  <testcase name="totalValidation" time="57.143" classname="Practise.AppiumFramework.eCommerce_TC3"/>
  <system-out/>
</testsuite> <!-- Practise.AppiumFramework.eCommerce_TC3 -->
