<?xml version="1.0" encoding="UTF-8"?>
<!-- Generated by org.testng.reporters.JUnitReportReporter -->
<testsuite skipped="0" hostname="kotla" name="Practise.AppiumFramework.APIDemos_TC1" tests="1" failures="0" timestamp="2022-06-23T15:55:29 IST" time="28.822" errors="0">
  <testcase name="APIDemos" time="28.822" classname="Practise.AppiumFramework.APIDemos_TC1"/>
  <system-out/>
</testsuite> <!-- Practise.AppiumFramework.APIDemos_TC1 -->
